-------------------------------------------------------------------------------
Test set: TestSuite
-------------------------------------------------------------------------------
Tests run: 2, Failures: 1, Errors: 0, Skipped: 0, Time elapsed: 86.353 s <<< FAILURE! - in TestSuite
test.No_Page1test.test2  Time elapsed: 9.288 s  <<< FAILURE!
java.lang.AssertionError: expected [true] but found [false]
	at test.No_Page1test.test2(No_Page1test.java:25)

